<?xml version="1.0" encoding="UTF-8"?>
<testsuite name="com.kenzie.dynamodbscan.icecream.Phase0Test" tests="2" skipped="0" failures="0" errors="0" timestamp="2022-11-07T01:41:21" hostname="MSI" time="1.443">
  <properties/>
  <testcase name="[1] DynamoDBScan-Receipts" classname="com.kenzie.dynamodbscan.icecream.Phase0Test" time="0.936"/>
  <testcase name="orderSundae_succeeds()" classname="com.kenzie.dynamodbscan.icecream.Phase0Test" time="0.501"/>
  <system-out><![CDATA[]]></system-out>
  <system-err><![CDATA[]]></system-err>
</testsuite>
