<?xml version="1.0" encoding="UTF-8"?>
<testsuite name="com.kenzie.dynamodbscan.icecream.Phase2Test" tests="2" skipped="0" failures="0" errors="0" timestamp="2022-11-07T01:41:24" hostname="MSI" time="2.033">
  <properties/>
  <testcase name="getReceipts_firstPage_returnsListSizeEqualToLimit()" classname="com.kenzie.dynamodbscan.icecream.Phase2Test" time="0.604"/>
  <testcase name="getReceipts_allResults_resultsContainNewlyCreatedReceipts()" classname="com.kenzie.dynamodbscan.icecream.Phase2Test" time="1.428"/>
  <system-out><![CDATA[]]></system-out>
  <system-err><![CDATA[]]></system-err>
</testsuite>
